2017-04-09 09:17:16,233 INFO Running tasks!
2017-04-09 13:57:17,839 INFO Running tasks!
2017-04-09 13:57:43,326 INFO Running tasks!
2017-04-09 21:29:19,832 INFO Running tasks!
2017-04-09 23:12:26,871 INFO Running tasks!
2017-04-10 07:03:53,307 INFO Running tasks!
2017-04-10 10:07:31,129 INFO Running tasks!
2017-04-10 14:44:53,487 INFO Running tasks!
2017-04-10 15:11:11,601 INFO Generate download links.
2017-04-10 15:11:24,972 INFO Generate download links.
2017-04-10 15:12:02,845 INFO Generate download links.
2017-04-10 15:12:46,652 INFO Generate download links.
2017-04-10 15:13:22,582 INFO Generate download links.
2017-04-10 15:13:47,093 INFO Generate download links.
2017-04-10 15:13:58,557 INFO Generate download links.
2017-04-10 15:14:13,944 INFO Generate download links.
2017-04-10 15:14:38,356 INFO Generate download links.
2017-04-10 15:14:53,286 INFO Generate download links.
2017-04-10 15:15:08,090 INFO Generate download links.
2017-04-10 15:15:22,451 INFO Generate download links.
2017-04-10 15:15:38,153 INFO Generate download links.
2017-04-10 15:15:53,922 INFO Generate download links.
2017-04-10 15:16:06,260 INFO Generate download links.
2017-04-10 15:16:32,098 INFO Generate download links.
2017-04-10 15:17:18,246 INFO Generate download links.
2017-04-10 15:17:56,869 INFO Generate download links.
2017-04-10 15:18:20,920 INFO Generate download links.
2017-04-10 15:18:48,593 INFO Generate download links.
2017-04-10 15:19:17,100 INFO Generate download links.
2017-04-10 15:20:28,183 INFO Generate download links.
2017-04-10 15:21:03,623 INFO Generate download links.
2017-04-10 15:21:31,575 INFO Generate download links.
2017-04-10 15:21:53,673 INFO Generate download links.
2017-04-10 15:22:17,341 INFO Generate download links.
2017-04-10 15:22:46,131 INFO Generate download links.
2017-04-10 15:23:17,793 INFO Generate download links.
2017-04-10 15:23:41,854 INFO Generate download links.
2017-04-10 15:23:59,239 INFO Generate download links.
2017-04-10 15:25:11,326 INFO Generate download links.
2017-04-10 15:25:42,268 INFO Generate download links.
2017-04-10 15:26:24,256 INFO Generate download links.
2017-04-10 15:26:44,934 INFO Generate download links.
2017-04-10 15:27:15,886 INFO Generate download links.
2017-04-10 15:27:57,259 INFO Generate download links.
2017-04-11 10:15:07,539 INFO Running tasks!
2017-04-11 13:48:36,703 INFO Running tasks!
2017-04-11 21:33:29,079 INFO Running tasks!
2017-04-11 22:47:09,969 INFO Running tasks!
2017-04-12 07:38:01,919 INFO Running tasks!
2017-04-12 07:39:51,542 INFO Running tasks!
2017-04-12 07:39:55,625 INFO Maximum number of active tasks reached!
2017-04-12 10:27:15,584 INFO Creating draft tasks.
2017-04-12 10:27:26,094 INFO Task 1: 4 files, 427.48 Gb
2017-04-12 10:27:26,094 INFO 	Name: flagstat_all_Brain Lower Grade Glioma_1_task_4_files_427.48Gb
2017-04-12 10:27:27,780 INFO Task 2: 3 files, 589.27 Gb
2017-04-12 10:27:27,780 INFO 	Name: flagstat_all_Brain Lower Grade Glioma_2_task_3_files_589.27Gb
2017-04-12 10:27:28,802 INFO Task 3: 3 files, 393.84 Gb
2017-04-12 10:27:28,803 INFO 	Name: flagstat_all_Brain Lower Grade Glioma_3_task_3_files_393.84Gb
2017-04-12 10:27:29,827 INFO Task 4: 3 files, 543.68 Gb
2017-04-12 10:27:29,827 INFO 	Name: flagstat_all_Brain Lower Grade Glioma_4_task_3_files_543.68Gb
2017-04-12 10:27:30,890 INFO Task 5: 2 files, 414.02 Gb
2017-04-12 10:27:30,891 INFO 	Name: flagstat_all_Brain Lower Grade Glioma_5_task_2_files_414.02Gb
2017-04-12 10:27:31,978 INFO Task 6: 3 files, 571.05 Gb
2017-04-12 10:27:31,978 INFO 	Name: flagstat_all_Brain Lower Grade Glioma_6_task_3_files_571.05Gb
2017-04-12 10:27:33,208 INFO Task 7: 3 files, 597.70 Gb
2017-04-12 10:27:33,208 INFO 	Name: flagstat_all_Brain Lower Grade Glioma_7_task_3_files_597.70Gb
2017-04-12 10:28:27,121 INFO Creating draft tasks.
2017-04-12 10:28:36,594 INFO Task 1: 4 files, 427.48 Gb
2017-04-12 10:28:36,594 INFO 	Name: flagstat_all_Brain Lower Grade Glioma_1_task_4_files_427.48Gb
2017-04-12 10:28:38,235 INFO Task 2: 3 files, 589.27 Gb
2017-04-12 10:28:38,235 INFO 	Name: flagstat_all_Brain Lower Grade Glioma_2_task_3_files_589.27Gb
2017-04-12 10:28:39,257 INFO Task 3: 3 files, 393.84 Gb
2017-04-12 10:28:39,257 INFO 	Name: flagstat_all_Brain Lower Grade Glioma_3_task_3_files_393.84Gb
2017-04-12 10:28:40,278 INFO Task 4: 3 files, 543.68 Gb
2017-04-12 10:28:40,278 INFO 	Name: flagstat_all_Brain Lower Grade Glioma_4_task_3_files_543.68Gb
2017-04-12 10:28:41,348 INFO Task 5: 2 files, 414.02 Gb
2017-04-12 10:28:41,349 INFO 	Name: flagstat_all_Brain Lower Grade Glioma_5_task_2_files_414.02Gb
2017-04-12 10:28:42,329 INFO Task 6: 3 files, 571.05 Gb
2017-04-12 10:28:42,329 INFO 	Name: flagstat_all_Brain Lower Grade Glioma_6_task_3_files_571.05Gb
2017-04-12 10:28:43,351 INFO Task 7: 3 files, 597.70 Gb
2017-04-12 10:28:43,351 INFO 	Name: flagstat_all_Brain Lower Grade Glioma_7_task_3_files_597.70Gb
2017-04-12 10:28:44,479 INFO Task 8: 3 files, 475.36 Gb
2017-04-12 10:28:44,480 INFO 	Name: flagstat_all_Brain Lower Grade Glioma_8_task_3_files_475.36Gb
2017-04-12 10:28:45,474 INFO Task 9: 2 files, 320.05 Gb
2017-04-12 10:28:45,475 INFO 	Name: flagstat_all_Brain Lower Grade Glioma_9_task_2_files_320.05Gb
2017-04-12 10:28:46,335 INFO Task 10: 2 files, 400.46 Gb
2017-04-12 10:28:46,335 INFO 	Name: flagstat_all_Brain Lower Grade Glioma_10_task_2_files_400.46Gb
2017-04-12 10:28:47,464 INFO Task 11: 3 files, 577.95 Gb
2017-04-12 10:28:47,464 INFO 	Name: flagstat_all_Brain Lower Grade Glioma_11_task_3_files_577.95Gb
2017-04-12 10:28:48,881 INFO Task 12: 2 files, 524.15 Gb
2017-04-12 10:28:48,881 INFO 	Name: flagstat_all_Brain Lower Grade Glioma_12_task_2_files_524.15Gb
2017-04-12 10:28:50,109 INFO Task 13: 3 files, 495.30 Gb
2017-04-12 10:28:50,110 INFO 	Name: flagstat_all_Brain Lower Grade Glioma_13_task_3_files_495.30Gb
2017-04-12 10:28:51,688 INFO Task 14: 3 files, 528.58 Gb
2017-04-12 10:28:51,688 INFO 	Name: flagstat_all_Brain Lower Grade Glioma_14_task_3_files_528.58Gb
2017-04-12 10:28:52,669 INFO Task 15: 2 files, 422.90 Gb
2017-04-12 10:28:52,669 INFO 	Name: flagstat_all_Brain Lower Grade Glioma_15_task_2_files_422.90Gb
2017-04-12 10:28:53,899 INFO Task 16: 4 files, 596.11 Gb
2017-04-12 10:28:53,900 INFO 	Name: flagstat_all_Brain Lower Grade Glioma_16_task_4_files_596.11Gb
2017-04-12 10:28:55,231 INFO Task 17: 3 files, 563.00 Gb
2017-04-12 10:28:55,231 INFO 	Name: flagstat_all_Brain Lower Grade Glioma_17_task_3_files_563.00Gb
2017-04-12 10:28:56,949 INFO Task 18: 4 files, 528.15 Gb
2017-04-12 10:28:56,949 INFO 	Name: flagstat_all_Brain Lower Grade Glioma_18_task_4_files_528.15Gb
2017-04-12 10:28:57,992 INFO Task 19: 3 files, 401.45 Gb
2017-04-12 10:28:57,992 INFO 	Name: flagstat_all_Brain Lower Grade Glioma_19_task_3_files_401.45Gb
2017-04-12 10:28:59,119 INFO Task 20: 2 files, 552.57 Gb
2017-04-12 10:28:59,119 INFO 	Name: flagstat_all_Brain Lower Grade Glioma_20_task_2_files_552.57Gb
2017-04-12 10:29:00,147 INFO Task 21: 3 files, 472.65 Gb
2017-04-12 10:29:00,147 INFO 	Name: flagstat_all_Brain Lower Grade Glioma_21_task_3_files_472.65Gb
2017-04-12 10:29:01,136 INFO Task 22: 3 files, 592.75 Gb
2017-04-12 10:29:01,136 INFO 	Name: flagstat_all_Brain Lower Grade Glioma_22_task_3_files_592.75Gb
2017-04-12 10:29:02,090 INFO Task 23: 2 files, 380.11 Gb
2017-04-12 10:29:02,090 INFO 	Name: flagstat_all_Brain Lower Grade Glioma_23_task_2_files_380.11Gb
2017-04-12 10:29:03,136 INFO Task 24: 3 files, 510.59 Gb
2017-04-12 10:29:03,136 INFO 	Name: flagstat_all_Brain Lower Grade Glioma_24_task_3_files_510.59Gb
2017-04-12 10:29:04,138 INFO Task 25: 3 files, 397.17 Gb
2017-04-12 10:29:04,138 INFO 	Name: flagstat_all_Brain Lower Grade Glioma_25_task_3_files_397.17Gb
2017-04-12 10:29:05,300 INFO Task 26: 3 files, 536.12 Gb
2017-04-12 10:29:05,301 INFO 	Name: flagstat_all_Brain Lower Grade Glioma_26_task_3_files_536.12Gb
2017-04-12 10:29:07,268 INFO Task 27: 3 files, 419.02 Gb
2017-04-12 10:29:07,269 INFO 	Name: flagstat_all_Brain Lower Grade Glioma_27_task_3_files_419.02Gb
2017-04-12 10:29:08,195 INFO Task 28: 2 files, 440.49 Gb
2017-04-12 10:29:08,195 INFO 	Name: flagstat_all_Brain Lower Grade Glioma_28_task_2_files_440.49Gb
2017-04-12 10:29:09,183 INFO Task 29: 3 files, 510.54 Gb
2017-04-12 10:29:09,183 INFO 	Name: flagstat_all_Brain Lower Grade Glioma_29_task_3_files_510.54Gb
2017-04-12 10:29:10,283 INFO Task 30: 2 files, 388.08 Gb
2017-04-12 10:29:10,283 INFO 	Name: flagstat_all_Brain Lower Grade Glioma_30_task_2_files_388.08Gb
2017-04-12 10:29:11,305 INFO Task 31: 3 files, 593.01 Gb
2017-04-12 10:29:11,305 INFO 	Name: flagstat_all_Brain Lower Grade Glioma_31_task_3_files_593.01Gb
2017-04-12 10:29:12,799 INFO Task 32: 2 files, 523.33 Gb
2017-04-12 10:29:12,799 INFO 	Name: flagstat_all_Brain Lower Grade Glioma_32_task_2_files_523.33Gb
2017-04-12 10:29:13,762 INFO Task 33: 2 files, 365.23 Gb
2017-04-12 10:29:13,762 INFO 	Name: flagstat_all_Brain Lower Grade Glioma_33_task_2_files_365.23Gb
2017-04-12 10:29:14,809 INFO Task 34: 2 files, 406.81 Gb
2017-04-12 10:29:14,809 INFO 	Name: flagstat_all_Brain Lower Grade Glioma_34_task_2_files_406.81Gb
2017-04-12 10:29:15,811 INFO Task 35: 2 files, 463.27 Gb
2017-04-12 10:29:15,811 INFO 	Name: flagstat_all_Brain Lower Grade Glioma_35_task_2_files_463.27Gb
2017-04-12 10:29:17,144 INFO Task 36: 16 files, 420.39 Gb
2017-04-12 10:29:17,144 INFO 	Name: flagstat_all_Brain Lower Grade Glioma_36_task_16_files_420.39Gb
2017-04-12 10:29:18,345 INFO Task 37: 16 files, 409.91 Gb
2017-04-12 10:29:18,346 INFO 	Name: flagstat_all_Brain Lower Grade Glioma_37_task_16_files_409.91Gb
2017-04-12 10:29:19,447 INFO Task 38: 24 files, 412.28 Gb
2017-04-12 10:29:19,447 INFO 	Name: flagstat_all_Brain Lower Grade Glioma_38_task_24_files_412.28Gb
2017-04-12 10:29:20,634 INFO Task 39: 25 files, 402.40 Gb
2017-04-12 10:29:20,634 INFO 	Name: flagstat_all_Brain Lower Grade Glioma_39_task_25_files_402.40Gb
2017-04-12 10:29:21,958 INFO Task 40: 24 files, 404.86 Gb
2017-04-12 10:29:21,959 INFO 	Name: flagstat_all_Brain Lower Grade Glioma_40_task_24_files_404.86Gb
2017-04-12 10:29:23,291 INFO Task 41: 60 files, 404.89 Gb
2017-04-12 10:29:23,292 INFO 	Name: flagstat_all_Brain Lower Grade Glioma_41_task_60_files_404.89Gb
2017-04-12 10:29:24,937 INFO Task 42: 55 files, 404.79 Gb
2017-04-12 10:29:24,937 INFO 	Name: flagstat_all_Brain Lower Grade Glioma_42_task_55_files_404.79Gb
2017-04-12 10:29:26,287 INFO Task 43: 62 files, 403.24 Gb
2017-04-12 10:29:26,287 INFO 	Name: flagstat_all_Brain Lower Grade Glioma_43_task_62_files_403.24Gb
2017-04-12 10:29:27,497 INFO Task 44: 60 files, 404.36 Gb
2017-04-12 10:29:27,497 INFO 	Name: flagstat_all_Brain Lower Grade Glioma_44_task_60_files_404.36Gb
2017-04-12 10:29:29,449 INFO Task 45: 70 files, 406.27 Gb
2017-04-12 10:29:29,449 INFO 	Name: flagstat_all_Brain Lower Grade Glioma_45_task_70_files_406.27Gb
2017-04-12 10:29:30,999 INFO Task 46: 62 files, 403.27 Gb
2017-04-12 10:29:30,999 INFO 	Name: flagstat_all_Brain Lower Grade Glioma_46_task_62_files_403.27Gb
2017-04-12 10:29:32,439 INFO Task 47: 59 files, 401.75 Gb
2017-04-12 10:29:32,440 INFO 	Name: flagstat_all_Brain Lower Grade Glioma_47_task_59_files_401.75Gb
2017-04-12 10:29:34,270 INFO Task 48: 61 files, 401.80 Gb
2017-04-12 10:29:34,270 INFO 	Name: flagstat_all_Brain Lower Grade Glioma_48_task_61_files_401.80Gb
2017-04-12 10:29:35,482 INFO Task 49: 44 files, 267.45 Gb
2017-04-12 10:29:35,483 INFO 	Name: flagstat_all_Brain Lower Grade Glioma_49_task_44_files_267.45Gb
2017-04-12 10:29:37,011 INFO Total tasks created: 49
2017-04-12 10:29:37,011 INFO Total files tasked: 733
2017-04-12 10:29:37,012 INFO Total files for disease type: 733
2017-04-12 10:29:37,012 INFO Total WGS files: 199
2017-04-12 10:29:37,012 INFO Total RNA-Seq files: 534
2017-04-12 10:33:36,884 INFO Running tasks!
2017-04-12 10:34:07,110 INFO Running tasks!
2017-04-12 10:35:17,574 INFO Running tasks!
2017-04-12 10:36:34,663 INFO Running tasks!
2017-04-12 10:37:33,934 INFO Running tasks!
2017-04-12 10:38:48,085 INFO Running tasks!
2017-04-12 10:41:10,637 INFO Running tasks!
2017-04-12 13:33:06,905 INFO Running tasks!
2017-05-03 13:24:34,606 INFO Running tasks!
2017-05-03 13:26:13,025 INFO Creating draft tasks.
2017-05-03 13:26:37,444 INFO Task 1: 3 files, 448.65 Gb
2017-05-03 13:26:37,444 INFO 	Name: flagstat_all_Stomach Adenocarcinoma_1_task_3_files_448.65Gb
2017-05-03 13:26:41,572 INFO Task 2: 3 files, 415.22 Gb
2017-05-03 13:26:41,572 INFO 	Name: flagstat_all_Stomach Adenocarcinoma_2_task_3_files_415.22Gb
2017-05-03 13:26:42,592 INFO Task 3: 2 files, 510.49 Gb
2017-05-03 13:26:42,592 INFO 	Name: flagstat_all_Stomach Adenocarcinoma_3_task_2_files_510.49Gb
2017-05-03 13:26:43,513 INFO Task 4: 2 files, 529.87 Gb
2017-05-03 13:26:43,513 INFO 	Name: flagstat_all_Stomach Adenocarcinoma_4_task_2_files_529.87Gb
2017-05-03 13:26:44,995 INFO Task 5: 3 files, 469.58 Gb
2017-05-03 13:26:44,996 INFO 	Name: flagstat_all_Stomach Adenocarcinoma_5_task_3_files_469.58Gb
2017-05-03 13:26:49,778 INFO Task 6: 2 files, 455.93 Gb
2017-05-03 13:26:49,778 INFO 	Name: flagstat_all_Stomach Adenocarcinoma_6_task_2_files_455.93Gb
2017-05-03 13:26:50,756 INFO Task 7: 2 files, 463.68 Gb
2017-05-03 13:26:50,756 INFO 	Name: flagstat_all_Stomach Adenocarcinoma_7_task_2_files_463.68Gb
2017-05-03 13:26:51,915 INFO Task 8: 2 files, 539.33 Gb
2017-05-03 13:26:51,915 INFO 	Name: flagstat_all_Stomach Adenocarcinoma_8_task_2_files_539.33Gb
2017-05-03 13:26:54,141 INFO Task 9: 2 files, 507.30 Gb
2017-05-03 13:26:54,141 INFO 	Name: flagstat_all_Stomach Adenocarcinoma_9_task_2_files_507.30Gb
2017-05-03 13:26:55,322 INFO Task 10: 1 files, 409.84 Gb
2017-05-03 13:26:55,323 INFO 	Name: flagstat_all_Stomach Adenocarcinoma_10_task_1_files_409.84Gb
2017-05-03 13:26:56,380 INFO Task 11: 2 files, 448.14 Gb
2017-05-03 13:26:56,380 INFO 	Name: flagstat_all_Stomach Adenocarcinoma_11_task_2_files_448.14Gb
2017-05-03 13:26:58,538 INFO Task 12: 2 files, 448.41 Gb
2017-05-03 13:26:58,538 INFO 	Name: flagstat_all_Stomach Adenocarcinoma_12_task_2_files_448.41Gb
2017-05-03 13:27:00,360 INFO Task 13: 2 files, 489.70 Gb
2017-05-03 13:27:00,360 INFO 	Name: flagstat_all_Stomach Adenocarcinoma_13_task_2_files_489.70Gb
2017-05-03 13:27:01,536 INFO Task 14: 2 files, 580.96 Gb
2017-05-03 13:27:01,536 INFO 	Name: flagstat_all_Stomach Adenocarcinoma_14_task_2_files_580.96Gb
2017-05-03 13:27:02,928 INFO Task 15: 3 files, 498.53 Gb
2017-05-03 13:27:02,928 INFO 	Name: flagstat_all_Stomach Adenocarcinoma_15_task_3_files_498.53Gb
2017-05-03 13:27:04,311 INFO Task 16: 3 files, 555.14 Gb
2017-05-03 13:27:04,311 INFO 	Name: flagstat_all_Stomach Adenocarcinoma_16_task_3_files_555.14Gb
2017-05-03 13:27:07,956 INFO Task 17: 2 files, 435.25 Gb
2017-05-03 13:27:07,956 INFO 	Name: flagstat_all_Stomach Adenocarcinoma_17_task_2_files_435.25Gb
2017-05-03 13:27:11,002 INFO Task 18: 3 files, 594.75 Gb
2017-05-03 13:27:11,003 INFO 	Name: flagstat_all_Stomach Adenocarcinoma_18_task_3_files_594.75Gb
2017-05-03 13:27:12,151 INFO Task 19: 3 files, 575.84 Gb
2017-05-03 13:27:12,151 INFO 	Name: flagstat_all_Stomach Adenocarcinoma_19_task_3_files_575.84Gb
2017-05-03 13:27:14,461 INFO Task 20: 2 files, 523.79 Gb
2017-05-03 13:27:14,461 INFO 	Name: flagstat_all_Stomach Adenocarcinoma_20_task_2_files_523.79Gb
2017-05-03 13:27:17,937 INFO Task 21: 3 files, 520.63 Gb
2017-05-03 13:27:17,937 INFO 	Name: flagstat_all_Stomach Adenocarcinoma_21_task_3_files_520.63Gb
2017-05-03 13:27:19,029 INFO Task 22: 2 files, 552.20 Gb
2017-05-03 13:27:19,029 INFO 	Name: flagstat_all_Stomach Adenocarcinoma_22_task_2_files_552.20Gb
2017-05-03 13:27:22,541 INFO Task 23: 3 files, 481.67 Gb
2017-05-03 13:27:22,542 INFO 	Name: flagstat_all_Stomach Adenocarcinoma_23_task_3_files_481.67Gb
2017-05-03 13:27:23,719 INFO Task 24: 2 files, 470.83 Gb
2017-05-03 13:27:23,719 INFO 	Name: flagstat_all_Stomach Adenocarcinoma_24_task_2_files_470.83Gb
2017-05-03 13:27:25,141 INFO Task 25: 2 files, 435.36 Gb
2017-05-03 13:27:25,142 INFO 	Name: flagstat_all_Stomach Adenocarcinoma_25_task_2_files_435.36Gb
2017-05-03 13:27:26,659 INFO Task 26: 2 files, 422.33 Gb
2017-05-03 13:27:26,659 INFO 	Name: flagstat_all_Stomach Adenocarcinoma_26_task_2_files_422.33Gb
2017-05-03 13:27:27,680 INFO Task 27: 2 files, 525.21 Gb
2017-05-03 13:27:27,680 INFO 	Name: flagstat_all_Stomach Adenocarcinoma_27_task_2_files_525.21Gb
2017-05-03 13:27:29,138 INFO Task 28: 3 files, 442.65 Gb
2017-05-03 13:27:29,138 INFO 	Name: flagstat_all_Stomach Adenocarcinoma_28_task_3_files_442.65Gb
2017-05-03 13:27:31,819 INFO Task 29: 2 files, 522.35 Gb
2017-05-03 13:27:31,819 INFO 	Name: flagstat_all_Stomach Adenocarcinoma_29_task_2_files_522.35Gb
2017-05-03 13:27:34,567 INFO Task 30: 2 files, 465.76 Gb
2017-05-03 13:27:34,567 INFO 	Name: flagstat_all_Stomach Adenocarcinoma_30_task_2_files_465.76Gb
2017-05-03 13:27:37,895 INFO Task 31: 2 files, 347.32 Gb
2017-05-03 13:27:37,895 INFO 	Name: flagstat_all_Stomach Adenocarcinoma_31_task_2_files_347.32Gb
2017-05-03 13:27:39,955 INFO Task 32: 2 files, 459.02 Gb
2017-05-03 13:27:39,955 INFO 	Name: flagstat_all_Stomach Adenocarcinoma_32_task_2_files_459.02Gb
2017-05-03 13:27:41,219 INFO Task 33: 2 files, 486.25 Gb
2017-05-03 13:27:41,219 INFO 	Name: flagstat_all_Stomach Adenocarcinoma_33_task_2_files_486.25Gb
2017-05-03 13:27:42,329 INFO Task 34: 2 files, 437.98 Gb
2017-05-03 13:27:42,329 INFO 	Name: flagstat_all_Stomach Adenocarcinoma_34_task_2_files_437.98Gb
2017-05-03 13:27:43,394 INFO Task 35: 2 files, 497.59 Gb
2017-05-03 13:27:43,394 INFO 	Name: flagstat_all_Stomach Adenocarcinoma_35_task_2_files_497.59Gb
2017-05-03 13:27:45,450 INFO Task 36: 2 files, 512.80 Gb
2017-05-03 13:27:45,450 INFO 	Name: flagstat_all_Stomach Adenocarcinoma_36_task_2_files_512.80Gb
2017-05-03 13:27:46,782 INFO Task 37: 26 files, 409.45 Gb
2017-05-03 13:27:46,782 INFO 	Name: flagstat_all_Stomach Adenocarcinoma_37_task_26_files_409.45Gb
2017-05-03 13:27:48,259 INFO Task 38: 24 files, 411.54 Gb
2017-05-03 13:27:48,260 INFO 	Name: flagstat_all_Stomach Adenocarcinoma_38_task_24_files_411.54Gb
2017-05-03 13:27:51,868 INFO Task 39: 25 files, 400.46 Gb
2017-05-03 13:27:51,868 INFO 	Name: flagstat_all_Stomach Adenocarcinoma_39_task_25_files_400.46Gb
2017-05-03 13:27:55,280 INFO Task 40: 30 files, 407.42 Gb
2017-05-03 13:27:55,280 INFO 	Name: flagstat_all_Stomach Adenocarcinoma_40_task_30_files_407.42Gb
2017-05-03 13:27:57,253 INFO Task 41: 21 files, 411.87 Gb
2017-05-03 13:27:57,253 INFO 	Name: flagstat_all_Stomach Adenocarcinoma_41_task_21_files_411.87Gb
2017-05-03 13:27:59,028 INFO Task 42: 22 files, 404.23 Gb
2017-05-03 13:27:59,028 INFO 	Name: flagstat_all_Stomach Adenocarcinoma_42_task_22_files_404.23Gb
2017-05-03 13:28:00,278 INFO Task 43: 32 files, 405.50 Gb
2017-05-03 13:28:00,278 INFO 	Name: flagstat_all_Stomach Adenocarcinoma_43_task_32_files_405.50Gb
2017-05-03 13:28:01,697 INFO Task 44: 38 files, 409.34 Gb
2017-05-03 13:28:01,697 INFO 	Name: flagstat_all_Stomach Adenocarcinoma_44_task_38_files_409.34Gb
2017-05-03 13:28:03,471 INFO Task 45: 25 files, 403.97 Gb
2017-05-03 13:28:03,472 INFO 	Name: flagstat_all_Stomach Adenocarcinoma_45_task_25_files_403.97Gb
2017-05-03 13:28:09,555 INFO Task 46: 27 files, 402.05 Gb
2017-05-03 13:28:09,555 INFO 	Name: flagstat_all_Stomach Adenocarcinoma_46_task_27_files_402.05Gb
2017-05-03 13:28:10,920 INFO Task 47: 28 files, 420.47 Gb
2017-05-03 13:28:10,920 INFO 	Name: flagstat_all_Stomach Adenocarcinoma_47_task_28_files_420.47Gb
2017-05-03 13:28:17,070 INFO Task 48: 29 files, 408.88 Gb
2017-05-03 13:28:17,071 INFO 	Name: flagstat_all_Stomach Adenocarcinoma_48_task_29_files_408.88Gb
2017-05-03 13:28:19,200 INFO Task 49: 22 files, 411.28 Gb
2017-05-03 13:28:19,200 INFO 	Name: flagstat_all_Stomach Adenocarcinoma_49_task_22_files_411.28Gb
2017-05-03 13:28:23,026 INFO Task 50: 19 files, 409.53 Gb
2017-05-03 13:28:23,026 INFO 	Name: flagstat_all_Stomach Adenocarcinoma_50_task_19_files_409.53Gb
2017-05-03 13:28:33,052 INFO Task 51: 25 files, 404.85 Gb
2017-05-03 13:28:33,053 INFO 	Name: flagstat_all_Stomach Adenocarcinoma_51_task_25_files_404.85Gb
2017-05-03 13:28:36,483 INFO Task 52: 23 files, 405.05 Gb
2017-05-03 13:28:36,484 INFO 	Name: flagstat_all_Stomach Adenocarcinoma_52_task_23_files_405.05Gb
2017-05-03 13:29:23,575 INFO Task 53: 22 files, 411.98 Gb
2017-05-03 13:29:23,575 INFO 	Name: flagstat_all_Stomach Adenocarcinoma_53_task_22_files_411.98Gb
2017-05-03 13:29:25,839 INFO Task 54: 21 files, 418.64 Gb
2017-05-03 13:29:25,839 INFO 	Name: flagstat_all_Stomach Adenocarcinoma_54_task_21_files_418.64Gb
2017-05-03 13:29:28,143 INFO Task 55: 19 files, 411.59 Gb
2017-05-03 13:29:28,143 INFO 	Name: flagstat_all_Stomach Adenocarcinoma_55_task_19_files_411.59Gb
2017-05-03 13:29:29,553 INFO Task 56: 29 files, 404.27 Gb
2017-05-03 13:29:29,553 INFO 	Name: flagstat_all_Stomach Adenocarcinoma_56_task_29_files_404.27Gb
2017-05-03 13:29:30,955 INFO Task 57: 29 files, 400.16 Gb
2017-05-03 13:29:30,955 INFO 	Name: flagstat_all_Stomach Adenocarcinoma_57_task_29_files_400.16Gb
2017-05-03 13:29:32,435 INFO Task 58: 32 files, 414.20 Gb
2017-05-03 13:29:32,435 INFO 	Name: flagstat_all_Stomach Adenocarcinoma_58_task_32_files_414.20Gb
2017-05-03 13:29:35,154 INFO Task 59: 33 files, 406.67 Gb
2017-05-03 13:29:35,154 INFO 	Name: flagstat_all_Stomach Adenocarcinoma_59_task_33_files_406.67Gb
2017-05-03 13:29:36,839 INFO Task 60: 34 files, 415.27 Gb
2017-05-03 13:29:36,839 INFO 	Name: flagstat_all_Stomach Adenocarcinoma_60_task_34_files_415.27Gb
2017-05-03 13:29:39,417 INFO Task 61: 30 files, 404.98 Gb
2017-05-03 13:29:39,417 INFO 	Name: flagstat_all_Stomach Adenocarcinoma_61_task_30_files_404.98Gb
2017-05-03 13:29:41,907 INFO Task 62: 29 files, 405.52 Gb
2017-05-03 13:29:41,908 INFO 	Name: flagstat_all_Stomach Adenocarcinoma_62_task_29_files_405.52Gb
2017-05-03 13:29:46,516 INFO Task 63: 38 files, 409.28 Gb
2017-05-03 13:29:46,516 INFO 	Name: flagstat_all_Stomach Adenocarcinoma_63_task_38_files_409.28Gb
2017-05-03 13:29:48,727 INFO Task 64: 35 files, 400.46 Gb
2017-05-03 13:29:48,727 INFO 	Name: flagstat_all_Stomach Adenocarcinoma_64_task_35_files_400.46Gb
2017-05-03 13:29:56,876 INFO Task 65: 31 files, 402.13 Gb
2017-05-03 13:29:56,877 INFO 	Name: flagstat_all_Stomach Adenocarcinoma_65_task_31_files_402.13Gb
2017-05-03 13:29:59,732 INFO Task 66: 34 files, 411.13 Gb
2017-05-03 13:29:59,733 INFO 	Name: flagstat_all_Stomach Adenocarcinoma_66_task_34_files_411.13Gb
2017-05-03 13:30:02,392 INFO Task 67: 31 files, 401.51 Gb
2017-05-03 13:30:02,393 INFO 	Name: flagstat_all_Stomach Adenocarcinoma_67_task_31_files_401.51Gb
2017-05-03 13:30:10,619 INFO Task 68: 43 files, 407.90 Gb
2017-05-03 13:30:10,619 INFO 	Name: flagstat_all_Stomach Adenocarcinoma_68_task_43_files_407.90Gb
2017-05-03 13:30:11,946 INFO Task 69: 31 files, 407.22 Gb
2017-05-03 13:30:11,946 INFO 	Name: flagstat_all_Stomach Adenocarcinoma_69_task_31_files_407.22Gb
2017-05-03 13:30:13,378 INFO Task 70: 31 files, 408.42 Gb
2017-05-03 13:30:13,378 INFO 	Name: flagstat_all_Stomach Adenocarcinoma_70_task_31_files_408.42Gb
2017-05-03 13:30:14,817 INFO Task 71: 30 files, 400.20 Gb
2017-05-03 13:30:14,818 INFO 	Name: flagstat_all_Stomach Adenocarcinoma_71_task_30_files_400.20Gb
2017-05-03 13:30:16,627 INFO Task 72: 13 files, 161.40 Gb
2017-05-03 13:30:16,628 INFO 	Name: flagstat_all_Stomach Adenocarcinoma_72_task_13_files_161.40Gb
2017-05-03 13:30:20,471 INFO Total tasks created: 72
2017-05-03 13:30:20,471 INFO Total files tasked: 1092
2017-05-03 13:30:20,472 INFO Total files for disease type: 1092
2017-05-03 13:30:20,472 INFO Total WGS files: 322
2017-05-03 13:30:20,472 INFO Total RNA-Seq files: 770
2017-05-08 11:30:32,196 INFO Running tasks!
2017-05-08 14:38:42,861 INFO Running tasks!
2017-05-09 11:15:02,971 INFO Running tasks!
2017-05-09 11:19:36,394 INFO Running tasks!
2017-05-09 16:20:49,125 INFO Running tasks!
2017-05-10 07:35:18,919 INFO Running tasks!
2017-05-10 14:13:12,917 INFO Running tasks!
2017-05-10 20:18:06,665 INFO Running tasks!
2017-05-11 11:21:39,440 INFO Running tasks!
2017-05-11 15:33:42,914 INFO Running tasks!
2017-05-12 14:19:01,857 INFO Running tasks!
2017-05-12 17:22:31,415 INFO Running tasks!
2017-05-12 17:22:35,080 INFO Maximum number of active tasks reached!
2017-05-13 09:29:16,884 INFO Running tasks!
2017-05-14 07:46:13,710 INFO Running tasks!
2017-05-16 09:30:54,396 INFO Running tasks!
2017-05-16 09:31:45,295 INFO Running tasks!
2017-05-16 09:32:52,568 INFO Running tasks!
2017-05-16 18:06:41,333 INFO Running tasks!
