2017-01-31 13:38:49,479 INFO Creating draft tasks.
2017-01-31 13:39:17,991 INFO Task 1: 4 files, 456.97 Gb
2017-01-31 13:39:17,993 INFO 	Name: bam2fasta_Cervical Squamous Cell Carcinoma and Endocervical Adenocarcinoma_1_task_4_files_456.97Gb
2017-01-31 13:39:21,547 INFO Task 2: 4 files, 424.59 Gb
2017-01-31 13:39:21,547 INFO 	Name: bam2fasta_Cervical Squamous Cell Carcinoma and Endocervical Adenocarcinoma_2_task_4_files_424.59Gb
2017-01-31 13:39:24,514 INFO Task 3: 4 files, 439.34 Gb
2017-01-31 13:39:24,514 INFO 	Name: bam2fasta_Cervical Squamous Cell Carcinoma and Endocervical Adenocarcinoma_3_task_4_files_439.34Gb
2017-01-31 13:39:27,498 INFO Task 4: 4 files, 475.41 Gb
2017-01-31 13:39:27,498 INFO 	Name: bam2fasta_Cervical Squamous Cell Carcinoma and Endocervical Adenocarcinoma_4_task_4_files_475.41Gb
2017-01-31 13:39:30,557 INFO Task 5: 3 files, 459.49 Gb
2017-01-31 13:39:30,557 INFO 	Name: bam2fasta_Cervical Squamous Cell Carcinoma and Endocervical Adenocarcinoma_5_task_3_files_459.49Gb
2017-01-31 13:39:33,526 INFO Task 6: 4 files, 463.11 Gb
2017-01-31 13:39:33,526 INFO 	Name: bam2fasta_Cervical Squamous Cell Carcinoma and Endocervical Adenocarcinoma_6_task_4_files_463.11Gb
2017-01-31 13:39:36,612 INFO Task 7: 3 files, 457.85 Gb
2017-01-31 13:39:36,613 INFO 	Name: bam2fasta_Cervical Squamous Cell Carcinoma and Endocervical Adenocarcinoma_7_task_3_files_457.85Gb
2017-01-31 13:39:39,671 INFO Task 8: 20 files, 418.31 Gb
2017-01-31 13:39:39,671 INFO 	Name: bam2fasta_Cervical Squamous Cell Carcinoma and Endocervical Adenocarcinoma_8_task_20_files_418.31Gb
2017-01-31 13:39:43,129 INFO Task 9: 20 files, 418.23 Gb
2017-01-31 13:39:43,129 INFO 	Name: bam2fasta_Cervical Squamous Cell Carcinoma and Endocervical Adenocarcinoma_9_task_20_files_418.23Gb
2017-01-31 13:39:46,326 INFO Task 10: 21 files, 413.60 Gb
2017-01-31 13:39:46,326 INFO 	Name: bam2fasta_Cervical Squamous Cell Carcinoma and Endocervical Adenocarcinoma_10_task_21_files_413.60Gb
2017-01-31 13:39:49,358 INFO Task 11: 19 files, 418.28 Gb
2017-01-31 13:39:49,358 INFO 	Name: bam2fasta_Cervical Squamous Cell Carcinoma and Endocervical Adenocarcinoma_11_task_19_files_418.28Gb
2017-01-31 13:39:52,371 INFO Task 12: 20 files, 402.71 Gb
2017-01-31 13:39:52,371 INFO 	Name: bam2fasta_Cervical Squamous Cell Carcinoma and Endocervical Adenocarcinoma_12_task_20_files_402.71Gb
2017-01-31 13:39:56,025 INFO Task 13: 51 files, 400.73 Gb
2017-01-31 13:39:56,025 INFO 	Name: bam2fasta_Cervical Squamous Cell Carcinoma and Endocervical Adenocarcinoma_13_task_51_files_400.73Gb
2017-01-31 13:39:59,198 INFO Task 14: 51 files, 404.75 Gb
2017-01-31 13:39:59,198 INFO 	Name: bam2fasta_Cervical Squamous Cell Carcinoma and Endocervical Adenocarcinoma_14_task_51_files_404.75Gb
2017-01-31 13:40:02,172 INFO Task 15: 58 files, 404.92 Gb
2017-01-31 13:40:02,172 INFO 	Name: bam2fasta_Cervical Squamous Cell Carcinoma and Endocervical Adenocarcinoma_15_task_58_files_404.92Gb
2017-01-31 13:40:05,170 INFO Task 16: 68 files, 403.33 Gb
2017-01-31 13:40:05,170 INFO 	Name: bam2fasta_Cervical Squamous Cell Carcinoma and Endocervical Adenocarcinoma_16_task_68_files_403.33Gb
2017-01-31 13:40:08,240 INFO Task 17: 64 files, 400.37 Gb
2017-01-31 13:40:08,240 INFO 	Name: bam2fasta_Cervical Squamous Cell Carcinoma and Endocervical Adenocarcinoma_17_task_64_files_400.37Gb
2017-01-31 13:40:11,437 INFO Task 18: 24 files, 450.72 Gb
2017-01-31 13:40:11,437 INFO 	Name: bam2fasta_Cervical Squamous Cell Carcinoma and Endocervical Adenocarcinoma_18_task_24_files_450.72Gb
2017-01-31 13:40:14,548 INFO Task 19: 4 files, 409.95 Gb
2017-01-31 13:40:14,548 INFO 	Name: bam2fasta_Cervical Squamous Cell Carcinoma and Endocervical Adenocarcinoma_19_task_4_files_409.95Gb
2017-01-31 13:40:17,453 INFO Task 20: 5 files, 513.78 Gb
2017-01-31 13:40:17,453 INFO 	Name: bam2fasta_Cervical Squamous Cell Carcinoma and Endocervical Adenocarcinoma_20_task_5_files_513.78Gb
2017-01-31 13:40:21,110 INFO Total tasks created: 20
2017-01-31 13:40:21,110 INFO Total files tasked: 451
2017-01-31 13:40:21,110 INFO Total files for disease type: 451
2017-01-31 13:40:21,110 INFO Total WGS files: 142
2017-01-31 13:40:21,110 INFO Total RNA-Seq files: 309