2017-01-27 12:19:11,068 INFO Running tasks!
2017-01-27 16:50:07,635 INFO Running tasks!
2017-01-28 11:18:03,050 INFO Running tasks!
2017-01-28 11:20:05,278 INFO Running tasks!
2017-01-28 14:03:42,935 INFO Running tasks!
2017-01-28 14:05:25,371 INFO Creating draft tasks.
2017-01-28 14:06:07,898 INFO Task 1: 46 files, 309.87 Gb
2017-01-28 14:06:39,896 INFO Task 2: 21 files, 310.21 Gb
2017-01-28 14:07:12,434 INFO Task 3: 28 files, 393.43 Gb
2017-01-28 14:07:42,939 INFO Task 4: 46 files, 323.43 Gb
2017-01-28 14:08:15,745 INFO Task 5: 36 files, 304.57 Gb
2017-01-28 14:08:47,270 INFO Task 6: 30 files, 315.95 Gb
2017-01-28 14:09:18,400 INFO Task 7: 40 files, 301.02 Gb
2017-01-28 14:09:49,712 INFO Task 8: 40 files, 301.06 Gb
2017-01-28 14:10:21,257 INFO Task 9: 42 files, 314.03 Gb
2017-01-28 14:10:52,307 INFO Task 10: 50 files, 305.70 Gb
2017-01-28 14:11:23,599 INFO Task 11: 35 files, 302.18 Gb
2017-01-28 14:11:55,718 INFO Task 12: 42 files, 313.87 Gb
2017-01-28 14:12:26,903 INFO Task 13: 34 files, 302.38 Gb
2017-01-28 14:12:58,259 INFO Task 14: 30 files, 170.92 Gb
2017-01-28 14:13:31,212 INFO Total tasks created: 14
2017-01-28 14:13:31,212 INFO Total files tasked: 520
2017-01-28 14:13:31,212 INFO Total files for disease type: 520
