2016-10-27 20:51:59,352 INFO Running tasks!
2016-10-27 21:15:12,974 INFO Creating draft tasks.
2016-10-27 21:16:20,096 INFO Task 1: 3 files, 436.91 Gb
2016-10-27 21:16:20,096 INFO 	Name: bam2fasta_Kidney Renal Clear Cell Carcinoma_1_task_3_files_436.91Gb
2016-10-27 21:16:24,424 INFO Task 2: 3 files, 523.12 Gb
2016-10-27 21:16:24,424 INFO 	Name: bam2fasta_Kidney Renal Clear Cell Carcinoma_2_task_3_files_523.12Gb
2016-10-27 21:16:28,183 INFO Task 3: 3 files, 453.66 Gb
2016-10-27 21:16:28,184 INFO 	Name: bam2fasta_Kidney Renal Clear Cell Carcinoma_3_task_3_files_453.66Gb
2016-10-27 21:16:31,807 INFO Task 4: 3 files, 424.24 Gb
2016-10-27 21:16:31,807 INFO 	Name: bam2fasta_Kidney Renal Clear Cell Carcinoma_4_task_3_files_424.24Gb
2016-10-27 21:16:35,543 INFO Task 5: 2 files, 410.26 Gb
2016-10-27 21:16:35,543 INFO 	Name: bam2fasta_Kidney Renal Clear Cell Carcinoma_5_task_2_files_410.26Gb
2016-10-27 21:16:39,380 INFO Task 6: 3 files, 584.32 Gb
2016-10-27 21:16:39,380 INFO 	Name: bam2fasta_Kidney Renal Clear Cell Carcinoma_6_task_3_files_584.32Gb
2016-10-27 21:16:43,018 INFO Task 7: 3 files, 579.65 Gb
2016-10-27 21:16:43,018 INFO 	Name: bam2fasta_Kidney Renal Clear Cell Carcinoma_7_task_3_files_579.65Gb
2016-10-27 21:16:46,681 INFO Task 8: 2 files, 583.44 Gb
2016-10-27 21:16:46,681 INFO 	Name: bam2fasta_Kidney Renal Clear Cell Carcinoma_8_task_2_files_583.44Gb
2016-10-27 21:16:50,228 INFO Task 9: 3 files, 482.34 Gb
2016-10-27 21:16:50,228 INFO 	Name: bam2fasta_Kidney Renal Clear Cell Carcinoma_9_task_3_files_482.34Gb
2016-10-27 21:16:53,874 INFO Task 10: 2 files, 698.80 Gb
2016-10-27 21:16:53,874 INFO 	Name: bam2fasta_Kidney Renal Clear Cell Carcinoma_10_task_2_files_698.80Gb
2016-10-27 21:16:57,559 INFO Task 11: 2 files, 617.79 Gb
2016-10-27 21:16:57,559 INFO 	Name: bam2fasta_Kidney Renal Clear Cell Carcinoma_11_task_2_files_617.79Gb
2016-10-27 21:17:01,239 INFO Task 12: 2 files, 276.06 Gb
2016-10-27 21:17:01,239 INFO 	Name: bam2fasta_Kidney Renal Clear Cell Carcinoma_12_task_2_files_276.06Gb
2016-10-27 21:17:04,999 INFO Task 13: 1 files, 480.89 Gb
2016-10-27 21:17:04,999 INFO 	Name: bam2fasta_Kidney Renal Clear Cell Carcinoma_13_task_1_files_480.89Gb
2016-10-27 21:17:08,879 INFO Task 14: 3 files, 598.21 Gb
2016-10-27 21:17:08,879 INFO 	Name: bam2fasta_Kidney Renal Clear Cell Carcinoma_14_task_3_files_598.21Gb
2016-10-27 21:17:12,611 INFO Task 15: 2 files, 404.90 Gb
2016-10-27 21:17:12,612 INFO 	Name: bam2fasta_Kidney Renal Clear Cell Carcinoma_15_task_2_files_404.90Gb
2016-10-27 21:17:16,298 INFO Task 16: 3 files, 560.04 Gb
2016-10-27 21:17:16,298 INFO 	Name: bam2fasta_Kidney Renal Clear Cell Carcinoma_16_task_3_files_560.04Gb
2016-10-27 21:17:21,062 INFO Task 17: 2 files, 451.70 Gb
2016-10-27 21:17:21,062 INFO 	Name: bam2fasta_Kidney Renal Clear Cell Carcinoma_17_task_2_files_451.70Gb
2016-10-27 21:17:25,149 INFO Task 18: 1 files, 460.32 Gb
2016-10-27 21:17:25,149 INFO 	Name: bam2fasta_Kidney Renal Clear Cell Carcinoma_18_task_1_files_460.32Gb
2016-10-27 21:17:28,996 INFO Task 19: 3 files, 524.71 Gb
2016-10-27 21:17:28,996 INFO 	Name: bam2fasta_Kidney Renal Clear Cell Carcinoma_19_task_3_files_524.71Gb
2016-10-27 21:17:32,661 INFO Task 20: 3 files, 499.57 Gb
2016-10-27 21:17:32,661 INFO 	Name: bam2fasta_Kidney Renal Clear Cell Carcinoma_20_task_3_files_499.57Gb
2016-10-27 21:17:36,369 INFO Task 21: 2 files, 594.80 Gb
2016-10-27 21:17:36,369 INFO 	Name: bam2fasta_Kidney Renal Clear Cell Carcinoma_21_task_2_files_594.80Gb
2016-10-27 21:17:40,214 INFO Task 22: 2 files, 408.29 Gb
2016-10-27 21:17:40,214 INFO 	Name: bam2fasta_Kidney Renal Clear Cell Carcinoma_22_task_2_files_408.29Gb
2016-10-27 21:17:43,855 INFO Task 23: 3 files, 418.13 Gb
2016-10-27 21:17:43,856 INFO 	Name: bam2fasta_Kidney Renal Clear Cell Carcinoma_23_task_3_files_418.13Gb
2016-10-27 21:17:47,703 INFO Task 24: 3 files, 454.27 Gb
2016-10-27 21:17:47,703 INFO 	Name: bam2fasta_Kidney Renal Clear Cell Carcinoma_24_task_3_files_454.27Gb
2016-10-27 21:17:51,319 INFO Task 25: 2 files, 487.07 Gb
2016-10-27 21:17:51,319 INFO 	Name: bam2fasta_Kidney Renal Clear Cell Carcinoma_25_task_2_files_487.07Gb
2016-10-27 21:17:54,903 INFO Task 26: 6 files, 451.80 Gb
2016-10-27 21:17:54,903 INFO 	Name: bam2fasta_Kidney Renal Clear Cell Carcinoma_26_task_6_files_451.80Gb
2016-10-27 21:17:58,691 INFO Task 27: 3 files, 542.62 Gb
2016-10-27 21:17:58,692 INFO 	Name: bam2fasta_Kidney Renal Clear Cell Carcinoma_27_task_3_files_542.62Gb
2016-10-27 21:18:02,388 INFO Task 28: 7 files, 462.95 Gb
2016-10-27 21:18:02,388 INFO 	Name: bam2fasta_Kidney Renal Clear Cell Carcinoma_28_task_7_files_462.95Gb
2016-10-27 21:18:05,988 INFO Task 29: 2 files, 397.46 Gb
2016-10-27 21:18:05,989 INFO 	Name: bam2fasta_Kidney Renal Clear Cell Carcinoma_29_task_2_files_397.46Gb
2016-10-27 21:18:09,663 INFO Task 30: 1 files, 453.06 Gb
2016-10-27 21:18:09,663 INFO 	Name: bam2fasta_Kidney Renal Clear Cell Carcinoma_30_task_1_files_453.06Gb
2016-10-27 21:18:13,643 INFO Task 31: 2 files, 453.72 Gb
2016-10-27 21:18:13,643 INFO 	Name: bam2fasta_Kidney Renal Clear Cell Carcinoma_31_task_2_files_453.72Gb
2016-10-27 21:18:17,669 INFO Task 32: 4 files, 431.72 Gb
2016-10-27 21:18:17,669 INFO 	Name: bam2fasta_Kidney Renal Clear Cell Carcinoma_32_task_4_files_431.72Gb
2016-10-27 21:18:21,322 INFO Task 33: 2 files, 497.31 Gb
2016-10-27 21:18:21,322 INFO 	Name: bam2fasta_Kidney Renal Clear Cell Carcinoma_33_task_2_files_497.31Gb
2016-10-27 21:18:25,373 INFO Task 34: 4 files, 516.55 Gb
2016-10-27 21:18:25,373 INFO 	Name: bam2fasta_Kidney Renal Clear Cell Carcinoma_34_task_4_files_516.55Gb
2016-10-27 21:18:29,496 INFO Task 35: 1 files, 446.05 Gb
2016-10-27 21:18:29,496 INFO 	Name: bam2fasta_Kidney Renal Clear Cell Carcinoma_35_task_1_files_446.05Gb
2016-10-27 21:18:33,073 INFO Task 36: 4 files, 425.30 Gb
2016-10-27 21:18:33,073 INFO 	Name: bam2fasta_Kidney Renal Clear Cell Carcinoma_36_task_4_files_425.30Gb
2016-10-27 21:18:36,795 INFO Task 37: 2 files, 311.42 Gb
2016-10-27 21:18:36,796 INFO 	Name: bam2fasta_Kidney Renal Clear Cell Carcinoma_37_task_2_files_311.42Gb
2016-10-27 21:18:40,400 INFO Task 38: 1 files, 466.60 Gb
2016-10-27 21:18:40,400 INFO 	Name: bam2fasta_Kidney Renal Clear Cell Carcinoma_38_task_1_files_466.60Gb
2016-10-27 21:18:43,954 INFO Task 39: 53 files, 404.70 Gb
2016-10-27 21:18:43,954 INFO 	Name: bam2fasta_Kidney Renal Clear Cell Carcinoma_39_task_53_files_404.70Gb
2016-10-27 21:18:47,949 INFO Task 40: 66 files, 407.13 Gb
2016-10-27 21:18:47,949 INFO 	Name: bam2fasta_Kidney Renal Clear Cell Carcinoma_40_task_66_files_407.13Gb
2016-10-27 21:18:51,845 INFO Task 41: 61 files, 403.31 Gb
2016-10-27 21:18:51,845 INFO 	Name: bam2fasta_Kidney Renal Clear Cell Carcinoma_41_task_61_files_403.31Gb
2016-10-27 21:18:55,527 INFO Task 42: 55 files, 402.14 Gb
2016-10-27 21:18:55,527 INFO 	Name: bam2fasta_Kidney Renal Clear Cell Carcinoma_42_task_55_files_402.14Gb
2016-10-27 21:18:59,428 INFO Task 43: 51 files, 406.54 Gb
2016-10-27 21:18:59,428 INFO 	Name: bam2fasta_Kidney Renal Clear Cell Carcinoma_43_task_51_files_406.54Gb
2016-10-27 21:19:03,182 INFO Task 44: 51 files, 401.44 Gb
2016-10-27 21:19:03,182 INFO 	Name: bam2fasta_Kidney Renal Clear Cell Carcinoma_44_task_51_files_401.44Gb
2016-10-27 21:19:06,791 INFO Task 45: 51 files, 404.97 Gb
2016-10-27 21:19:06,791 INFO 	Name: bam2fasta_Kidney Renal Clear Cell Carcinoma_45_task_51_files_404.97Gb
2016-10-27 21:19:10,492 INFO Task 46: 62 files, 402.87 Gb
2016-10-27 21:19:10,492 INFO 	Name: bam2fasta_Kidney Renal Clear Cell Carcinoma_46_task_62_files_402.87Gb
2016-10-27 21:19:14,231 INFO Task 47: 70 files, 400.66 Gb
2016-10-27 21:19:14,231 INFO 	Name: bam2fasta_Kidney Renal Clear Cell Carcinoma_47_task_70_files_400.66Gb
2016-10-27 21:19:18,060 INFO Task 48: 62 files, 401.63 Gb
2016-10-27 21:19:18,060 INFO 	Name: bam2fasta_Kidney Renal Clear Cell Carcinoma_48_task_62_files_401.63Gb
2016-10-27 21:19:21,741 INFO Task 49: 75 files, 402.03 Gb
2016-10-27 21:19:21,741 INFO 	Name: bam2fasta_Kidney Renal Clear Cell Carcinoma_49_task_75_files_402.03Gb
2016-10-27 21:19:25,977 INFO Task 50: 78 files, 400.43 Gb
2016-10-27 21:19:25,977 INFO 	Name: bam2fasta_Kidney Renal Clear Cell Carcinoma_50_task_78_files_400.43Gb
2016-10-27 21:19:30,163 INFO Task 51: 74 files, 401.02 Gb
2016-10-27 21:19:30,163 INFO 	Name: bam2fasta_Kidney Renal Clear Cell Carcinoma_51_task_74_files_401.02Gb
2016-10-27 21:19:34,185 INFO Task 52: 83 files, 401.15 Gb
2016-10-27 21:19:34,185 INFO 	Name: bam2fasta_Kidney Renal Clear Cell Carcinoma_52_task_83_files_401.15Gb
2016-10-27 21:19:38,649 INFO Task 53: 92 files, 400.98 Gb
2016-10-27 21:19:38,649 INFO 	Name: bam2fasta_Kidney Renal Clear Cell Carcinoma_53_task_92_files_400.98Gb
2016-10-27 21:19:42,735 INFO Task 54: 58 files, 218.91 Gb
2016-10-27 21:19:42,735 INFO 	Name: bam2fasta_Kidney Renal Clear Cell Carcinoma_54_task_58_files_218.91Gb
2016-10-27 21:19:46,530 INFO Total tasks created: 54
2016-10-27 21:19:46,530 INFO Total files tasked: 1142
2016-10-27 21:19:46,530 INFO Total files for disease type: 1142
2016-10-27 21:19:46,530 INFO Total WGS files: 86
2016-10-27 21:19:46,531 INFO Total RNA-Seq files: 1056
