2017-01-19 10:49:09,587 INFO Creating draft tasks.
2017-01-19 10:49:28,282 INFO Task 1: 2 files, 564.64 Gb
2017-01-19 10:49:28,282 INFO 	Name: bam2fasta_Kidney Renal Papillary Cell Carcinoma_1_task_2_files_564.64Gb
2017-01-19 10:49:31,878 INFO Task 2: 1 files, 495.73 Gb
2017-01-19 10:49:31,878 INFO 	Name: bam2fasta_Kidney Renal Papillary Cell Carcinoma_2_task_1_files_495.73Gb
2017-01-19 10:49:35,076 INFO Task 3: 2 files, 777.34 Gb
2017-01-19 10:49:35,077 INFO 	Name: bam2fasta_Kidney Renal Papillary Cell Carcinoma_3_task_2_files_777.34Gb
2017-01-19 10:49:38,004 INFO Task 4: 2 files, 731.22 Gb
2017-01-19 10:49:38,004 INFO 	Name: bam2fasta_Kidney Renal Papillary Cell Carcinoma_4_task_2_files_731.22Gb
2017-01-19 10:49:41,383 INFO Task 5: 2 files, 658.17 Gb
2017-01-19 10:49:41,383 INFO 	Name: bam2fasta_Kidney Renal Papillary Cell Carcinoma_5_task_2_files_658.17Gb
2017-01-19 10:49:44,352 INFO Task 6: 2 files, 688.79 Gb
2017-01-19 10:49:44,353 INFO 	Name: bam2fasta_Kidney Renal Papillary Cell Carcinoma_6_task_2_files_688.79Gb
2017-01-19 10:49:47,322 INFO Task 7: 2 files, 627.47 Gb
2017-01-19 10:49:47,322 INFO 	Name: bam2fasta_Kidney Renal Papillary Cell Carcinoma_7_task_2_files_627.47Gb
2017-01-19 10:49:50,384 INFO Task 8: 2 files, 750.82 Gb
2017-01-19 10:49:50,384 INFO 	Name: bam2fasta_Kidney Renal Papillary Cell Carcinoma_8_task_2_files_750.82Gb
2017-01-19 10:49:53,261 INFO Task 9: 2 files, 852.58 Gb
2017-01-19 10:49:53,261 INFO 	Name: bam2fasta_Kidney Renal Papillary Cell Carcinoma_9_task_2_files_852.58Gb
2017-01-19 10:49:56,334 INFO Task 10: 2 files, 517.86 Gb
2017-01-19 10:49:56,334 INFO 	Name: bam2fasta_Kidney Renal Papillary Cell Carcinoma_10_task_2_files_517.86Gb
2017-01-19 10:49:59,406 INFO Task 11: 2 files, 453.83 Gb
2017-01-19 10:49:59,406 INFO 	Name: bam2fasta_Kidney Renal Papillary Cell Carcinoma_11_task_2_files_453.83Gb
2017-01-19 10:50:02,375 INFO Task 12: 2 files, 556.27 Gb
2017-01-19 10:50:02,375 INFO 	Name: bam2fasta_Kidney Renal Papillary Cell Carcinoma_12_task_2_files_556.27Gb
2017-01-19 10:50:05,242 INFO Task 13: 2 files, 547.37 Gb
2017-01-19 10:50:05,242 INFO 	Name: bam2fasta_Kidney Renal Papillary Cell Carcinoma_13_task_2_files_547.37Gb
2017-01-19 10:50:08,218 INFO Task 14: 1 files, 415.68 Gb
2017-01-19 10:50:08,219 INFO 	Name: bam2fasta_Kidney Renal Papillary Cell Carcinoma_14_task_1_files_415.68Gb
2017-01-19 10:50:11,225 INFO Task 15: 2 files, 620.33 Gb
2017-01-19 10:50:11,225 INFO 	Name: bam2fasta_Kidney Renal Papillary Cell Carcinoma_15_task_2_files_620.33Gb
2017-01-19 10:50:14,765 INFO Task 16: 2 files, 712.61 Gb
2017-01-19 10:50:14,765 INFO 	Name: bam2fasta_Kidney Renal Papillary Cell Carcinoma_16_task_2_files_712.61Gb
2017-01-19 10:50:17,939 INFO Task 17: 2 files, 652.37 Gb
2017-01-19 10:50:17,940 INFO 	Name: bam2fasta_Kidney Renal Papillary Cell Carcinoma_17_task_2_files_652.37Gb
2017-01-19 10:50:21,011 INFO Task 18: 2 files, 781.10 Gb
2017-01-19 10:50:21,012 INFO 	Name: bam2fasta_Kidney Renal Papillary Cell Carcinoma_18_task_2_files_781.10Gb
2017-01-19 10:50:24,875 INFO Task 19: 2 files, 672.20 Gb
2017-01-19 10:50:24,875 INFO 	Name: bam2fasta_Kidney Renal Papillary Cell Carcinoma_19_task_2_files_672.20Gb
2017-01-19 10:50:27,820 INFO Task 20: 2 files, 714.29 Gb
2017-01-19 10:50:27,820 INFO 	Name: bam2fasta_Kidney Renal Papillary Cell Carcinoma_20_task_2_files_714.29Gb
2017-01-19 10:50:30,844 INFO Task 21: 2 files, 719.82 Gb
2017-01-19 10:50:30,844 INFO 	Name: bam2fasta_Kidney Renal Papillary Cell Carcinoma_21_task_2_files_719.82Gb
2017-01-19 10:50:33,934 INFO Task 22: 2 files, 796.93 Gb
2017-01-19 10:50:33,934 INFO 	Name: bam2fasta_Kidney Renal Papillary Cell Carcinoma_22_task_2_files_796.93Gb
2017-01-19 10:50:36,883 INFO Task 23: 2 files, 784.46 Gb
2017-01-19 10:50:36,884 INFO 	Name: bam2fasta_Kidney Renal Papillary Cell Carcinoma_23_task_2_files_784.46Gb
2017-01-19 10:50:39,874 INFO Task 24: 2 files, 607.85 Gb
2017-01-19 10:50:39,874 INFO 	Name: bam2fasta_Kidney Renal Papillary Cell Carcinoma_24_task_2_files_607.85Gb
2017-01-19 10:50:43,344 INFO Task 25: 2 files, 725.34 Gb
2017-01-19 10:50:43,344 INFO 	Name: bam2fasta_Kidney Renal Papillary Cell Carcinoma_25_task_2_files_725.34Gb
2017-01-19 10:50:46,092 INFO Task 26: 2 files, 793.11 Gb
2017-01-19 10:50:46,092 INFO 	Name: bam2fasta_Kidney Renal Papillary Cell Carcinoma_26_task_2_files_793.11Gb
2017-01-19 10:50:48,966 INFO Task 27: 2 files, 736.02 Gb
2017-01-19 10:50:48,966 INFO 	Name: bam2fasta_Kidney Renal Papillary Cell Carcinoma_27_task_2_files_736.02Gb
2017-01-19 10:50:52,052 INFO Task 28: 2 files, 832.90 Gb
2017-01-19 10:50:52,052 INFO 	Name: bam2fasta_Kidney Renal Papillary Cell Carcinoma_28_task_2_files_832.90Gb
2017-01-19 10:50:55,008 INFO Task 29: 2 files, 635.74 Gb
2017-01-19 10:50:55,008 INFO 	Name: bam2fasta_Kidney Renal Papillary Cell Carcinoma_29_task_2_files_635.74Gb
2017-01-19 10:50:58,182 INFO Task 30: 2 files, 781.89 Gb
2017-01-19 10:50:58,182 INFO 	Name: bam2fasta_Kidney Renal Papillary Cell Carcinoma_30_task_2_files_781.89Gb
2017-01-19 10:51:02,178 INFO Task 31: 2 files, 686.31 Gb
2017-01-19 10:51:02,178 INFO 	Name: bam2fasta_Kidney Renal Papillary Cell Carcinoma_31_task_2_files_686.31Gb
2017-01-19 10:51:05,145 INFO Task 32: 2 files, 682.75 Gb
2017-01-19 10:51:05,146 INFO 	Name: bam2fasta_Kidney Renal Papillary Cell Carcinoma_32_task_2_files_682.75Gb
2017-01-19 10:51:08,115 INFO Task 33: 2 files, 672.31 Gb
2017-01-19 10:51:08,116 INFO 	Name: bam2fasta_Kidney Renal Papillary Cell Carcinoma_33_task_2_files_672.31Gb
2017-01-19 10:51:11,187 INFO Task 34: 2 files, 788.19 Gb
2017-01-19 10:51:11,187 INFO 	Name: bam2fasta_Kidney Renal Papillary Cell Carcinoma_34_task_2_files_788.19Gb
2017-01-19 10:51:14,669 INFO Task 35: 2 files, 766.23 Gb
2017-01-19 10:51:14,669 INFO 	Name: bam2fasta_Kidney Renal Papillary Cell Carcinoma_35_task_2_files_766.23Gb
2017-01-19 10:51:17,743 INFO Task 36: 2 files, 787.78 Gb
2017-01-19 10:51:17,743 INFO 	Name: bam2fasta_Kidney Renal Papillary Cell Carcinoma_36_task_2_files_787.78Gb
2017-01-19 10:51:20,915 INFO Task 37: 2 files, 744.70 Gb
2017-01-19 10:51:20,915 INFO 	Name: bam2fasta_Kidney Renal Papillary Cell Carcinoma_37_task_2_files_744.70Gb
2017-01-19 10:51:23,890 INFO Task 38: 2 files, 804.71 Gb
2017-01-19 10:51:23,891 INFO 	Name: bam2fasta_Kidney Renal Papillary Cell Carcinoma_38_task_2_files_804.71Gb
2017-01-19 10:51:27,059 INFO Task 39: 2 files, 778.34 Gb
2017-01-19 10:51:27,059 INFO 	Name: bam2fasta_Kidney Renal Papillary Cell Carcinoma_39_task_2_files_778.34Gb
2017-01-19 10:51:30,132 INFO Task 40: 21 files, 402.94 Gb
2017-01-19 10:51:30,132 INFO 	Name: bam2fasta_Kidney Renal Papillary Cell Carcinoma_40_task_21_files_402.94Gb
2017-01-19 10:51:33,411 INFO Task 41: 54 files, 404.45 Gb
2017-01-19 10:51:33,411 INFO 	Name: bam2fasta_Kidney Renal Papillary Cell Carcinoma_41_task_54_files_404.45Gb
2017-01-19 10:51:36,499 INFO Task 42: 66 files, 401.77 Gb
2017-01-19 10:51:36,499 INFO 	Name: bam2fasta_Kidney Renal Papillary Cell Carcinoma_42_task_66_files_401.77Gb
2017-01-19 10:51:39,868 INFO Task 43: 67 files, 404.89 Gb
2017-01-19 10:51:39,868 INFO 	Name: bam2fasta_Kidney Renal Papillary Cell Carcinoma_43_task_67_files_404.89Gb
2017-01-19 10:51:43,038 INFO Task 44: 68 files, 402.31 Gb
2017-01-19 10:51:43,038 INFO 	Name: bam2fasta_Kidney Renal Papillary Cell Carcinoma_44_task_68_files_402.31Gb
2017-01-19 10:51:46,006 INFO Task 45: 48 files, 289.45 Gb
2017-01-19 10:51:46,007 INFO 	Name: bam2fasta_Kidney Renal Papillary Cell Carcinoma_45_task_48_files_289.45Gb
2017-01-19 10:51:49,076 INFO Total tasks created: 45
2017-01-19 10:51:49,076 INFO Total files tasked: 400
2017-01-19 10:51:49,076 INFO Total files for disease type: 400
2017-01-19 10:51:49,076 INFO Total WGS files: 77
2017-01-19 10:51:49,076 INFO Total RNA-Seq files: 323
