2016-10-21 13:55:03,879 INFO Creating draft tasks.
2016-10-21 13:55:07,316 INFO Task 1: 3 files, 557.11 Gb
2016-10-21 13:55:07,316 INFO 	Name: bam2fasta_Lymphoid Neoplasm Diffuse Large B-cell Lymphoma_1_task_3_files_557.11_Gb
2016-10-21 13:55:07,663 INFO Task 2: 1 files, 499.82 Gb
2016-10-21 13:55:07,663 INFO 	Name: bam2fasta_Lymphoid Neoplasm Diffuse Large B-cell Lymphoma_2_task_1_files_499.82_Gb
2016-10-21 13:55:07,855 INFO Task 3: 2 files, 768.08 Gb
2016-10-21 13:55:07,856 INFO 	Name: bam2fasta_Lymphoid Neoplasm Diffuse Large B-cell Lymphoma_3_task_2_files_768.08_Gb
2016-10-21 13:55:08,054 INFO Task 4: 2 files, 537.29 Gb
2016-10-21 13:55:08,054 INFO 	Name: bam2fasta_Lymphoid Neoplasm Diffuse Large B-cell Lymphoma_4_task_2_files_537.29_Gb
2016-10-21 13:55:08,275 INFO Task 5: 2 files, 537.92 Gb
2016-10-21 13:55:08,276 INFO 	Name: bam2fasta_Lymphoid Neoplasm Diffuse Large B-cell Lymphoma_5_task_2_files_537.92_Gb
2016-10-21 13:55:08,499 INFO Task 6: 4 files, 479.22 Gb
2016-10-21 13:55:08,500 INFO 	Name: bam2fasta_Lymphoid Neoplasm Diffuse Large B-cell Lymphoma_6_task_4_files_479.22_Gb
2016-10-21 13:55:08,692 INFO Task 7: 3 files, 276.66 Gb
2016-10-21 13:55:08,693 INFO 	Name: bam2fasta_Lymphoid Neoplasm Diffuse Large B-cell Lymphoma_7_task_3_files_276.66_Gb
2016-10-21 13:55:08,992 INFO Task 8: 1 files, 501.97 Gb
2016-10-21 13:55:08,993 INFO 	Name: bam2fasta_Lymphoid Neoplasm Diffuse Large B-cell Lymphoma_8_task_1_files_501.97_Gb
2016-10-21 13:55:09,195 INFO Task 9: 3 files, 540.71 Gb
2016-10-21 13:55:09,195 INFO 	Name: bam2fasta_Lymphoid Neoplasm Diffuse Large B-cell Lymphoma_9_task_3_files_540.71_Gb
2016-10-21 13:55:09,395 INFO Task 10: 2 files, 506.97 Gb
2016-10-21 13:55:09,395 INFO 	Name: bam2fasta_Lymphoid Neoplasm Diffuse Large B-cell Lymphoma_10_task_2_files_506.97_Gb
2016-10-21 13:55:09,590 INFO Task 11: 2 files, 253.04 Gb
2016-10-21 13:55:09,590 INFO 	Name: bam2fasta_Lymphoid Neoplasm Diffuse Large B-cell Lymphoma_11_task_2_files_253.04_Gb
2016-10-21 13:55:09,786 INFO Total tasks created: 11
2016-10-21 13:55:09,787 INFO Total files tasked: 25
2016-10-21 13:55:09,787 INFO Total files for disease type: 25
