2017-02-13 12:33:17,631 INFO Creating draft tasks.
2017-02-13 12:34:15,207 INFO Task 1: 35 files, 319.10 Gb
2017-02-13 12:34:27,314 INFO Task 2: 17 files, 300.33 Gb
2017-02-13 12:34:38,774 INFO Task 3: 39 files, 397.45 Gb
2017-02-13 12:34:45,951 INFO Task 4: 77 files, 301.63 Gb
2017-02-13 12:34:54,760 INFO Task 5: 43 files, 345.22 Gb
2017-02-13 12:35:03,540 INFO Task 6: 25 files, 302.32 Gb
2017-02-13 12:35:09,952 INFO Task 7: 57 files, 300.82 Gb
2017-02-13 12:35:16,776 INFO Task 8: 73 files, 302.84 Gb
2017-02-13 12:35:24,609 INFO Task 9: 69 files, 334.20 Gb
2017-02-13 12:35:30,907 INFO Task 10: 40 files, 309.85 Gb
2017-02-13 12:35:37,547 INFO Task 11: 65 files, 312.63 Gb
2017-02-13 12:35:44,763 INFO Task 12: 54 files, 303.98 Gb
2017-02-13 12:35:51,123 INFO Task 13: 30 files, 341.32 Gb
2017-02-13 12:35:57,674 INFO Task 14: 24 files, 363.11 Gb
2017-02-13 12:36:04,828 INFO Task 15: 40 files, 345.09 Gb
2017-02-13 12:36:12,956 INFO Task 16: 61 files, 300.58 Gb
2017-02-13 12:36:21,858 INFO Task 17: 28 files, 342.08 Gb
2017-02-13 12:36:33,434 INFO Task 18: 89 files, 312.92 Gb
2017-02-13 12:36:47,340 INFO Task 19: 39 files, 387.46 Gb
2017-02-13 12:36:59,113 INFO Task 20: 64 files, 310.74 Gb
2017-02-13 12:37:08,720 INFO Task 21: 66 files, 311.83 Gb
2017-02-13 12:37:17,793 INFO Task 22: 4 files, 54.57 Gb
2017-02-13 12:37:29,542 INFO Total tasks created: 22
2017-02-13 12:37:29,542 INFO Total files tasked: 1039
2017-02-13 12:37:29,542 INFO Total files for disease type: 1039
