2017-01-31 10:31:03,844 INFO Creating draft tasks.
2017-01-31 10:32:27,131 INFO Task 1: 69 files, 301.08 Gb
2017-01-31 10:32:58,386 INFO Task 2: 65 files, 312.08 Gb
2017-01-31 10:33:30,114 INFO Task 3: 77 files, 300.78 Gb
2017-01-31 10:34:00,969 INFO Task 4: 76 files, 301.82 Gb
2017-01-31 10:34:31,808 INFO Task 5: 61 files, 312.13 Gb
2017-01-31 10:35:02,142 INFO Task 6: 66 files, 301.82 Gb
2017-01-31 10:35:33,088 INFO Task 7: 71 files, 308.02 Gb
2017-01-31 10:36:03,900 INFO Task 8: 81 files, 300.30 Gb
2017-01-31 10:36:36,789 INFO Task 9: 81 files, 317.61 Gb
2017-01-31 10:37:07,055 INFO Task 10: 57 files, 304.08 Gb
2017-01-31 10:37:37,891 INFO Task 11: 75 files, 302.65 Gb
2017-01-31 10:38:10,594 INFO Task 12: 59 files, 302.53 Gb
2017-01-31 10:38:42,057 INFO Task 13: 66 files, 305.12 Gb
2017-01-31 10:39:11,826 INFO Task 14: 74 files, 302.07 Gb
2017-01-31 10:39:42,477 INFO Task 15: 79 files, 307.40 Gb
2017-01-31 10:40:12,456 INFO Task 16: 35 files, 129.55 Gb
2017-01-31 10:40:43,687 INFO Total tasks created: 16
2017-01-31 10:40:43,689 INFO Total files tasked: 1092
2017-01-31 10:40:43,690 INFO Total files for disease type: 1092
