2017-01-24 12:49:50,728 INFO Creating draft tasks.
2017-01-24 12:50:32,431 INFO Task 1: 2 files, 439.43 Gb
2017-01-24 12:50:32,431 INFO 	Name: bam2fasta_Stomach Adenocarcinoma_1_task_2_files_439.43Gb
2017-01-24 12:50:35,908 INFO Task 2: 3 files, 415.22 Gb
2017-01-24 12:50:35,908 INFO 	Name: bam2fasta_Stomach Adenocarcinoma_2_task_3_files_415.22Gb
2017-01-24 12:50:38,875 INFO Task 3: 2 files, 510.49 Gb
2017-01-24 12:50:38,876 INFO 	Name: bam2fasta_Stomach Adenocarcinoma_3_task_2_files_510.49Gb
2017-01-24 12:50:41,845 INFO Task 4: 2 files, 529.87 Gb
2017-01-24 12:50:41,845 INFO 	Name: bam2fasta_Stomach Adenocarcinoma_4_task_2_files_529.87Gb
2017-01-24 12:50:44,918 INFO Task 5: 3 files, 469.58 Gb
2017-01-24 12:50:44,918 INFO 	Name: bam2fasta_Stomach Adenocarcinoma_5_task_3_files_469.58Gb
2017-01-24 12:50:47,682 INFO Task 6: 2 files, 455.93 Gb
2017-01-24 12:50:47,682 INFO 	Name: bam2fasta_Stomach Adenocarcinoma_6_task_2_files_455.93Gb
2017-01-24 12:50:50,378 INFO Task 7: 2 files, 463.68 Gb
2017-01-24 12:50:50,378 INFO 	Name: bam2fasta_Stomach Adenocarcinoma_7_task_2_files_463.68Gb
2017-01-24 12:50:53,173 INFO Task 8: 2 files, 539.33 Gb
2017-01-24 12:50:53,173 INFO 	Name: bam2fasta_Stomach Adenocarcinoma_8_task_2_files_539.33Gb
2017-01-24 12:50:56,182 INFO Task 9: 2 files, 507.30 Gb
2017-01-24 12:50:56,182 INFO 	Name: bam2fasta_Stomach Adenocarcinoma_9_task_2_files_507.30Gb
2017-01-24 12:50:59,459 INFO Task 10: 1 files, 409.84 Gb
2017-01-24 12:50:59,459 INFO 	Name: bam2fasta_Stomach Adenocarcinoma_10_task_1_files_409.84Gb
2017-01-24 12:51:02,632 INFO Task 11: 2 files, 448.14 Gb
2017-01-24 12:51:02,633 INFO 	Name: bam2fasta_Stomach Adenocarcinoma_11_task_2_files_448.14Gb
2017-01-24 12:51:05,294 INFO Task 12: 2 files, 448.41 Gb
2017-01-24 12:51:05,294 INFO 	Name: bam2fasta_Stomach Adenocarcinoma_12_task_2_files_448.41Gb
2017-01-24 12:51:08,059 INFO Task 13: 2 files, 489.70 Gb
2017-01-24 12:51:08,059 INFO 	Name: bam2fasta_Stomach Adenocarcinoma_13_task_2_files_489.70Gb
2017-01-24 12:51:11,017 INFO Task 14: 2 files, 580.96 Gb
2017-01-24 12:51:11,017 INFO 	Name: bam2fasta_Stomach Adenocarcinoma_14_task_2_files_580.96Gb
2017-01-24 12:51:13,793 INFO Task 15: 3 files, 498.53 Gb
2017-01-24 12:51:13,794 INFO 	Name: bam2fasta_Stomach Adenocarcinoma_15_task_3_files_498.53Gb
2017-01-24 12:51:16,893 INFO Task 16: 3 files, 555.14 Gb
2017-01-24 12:51:16,893 INFO 	Name: bam2fasta_Stomach Adenocarcinoma_16_task_3_files_555.14Gb
2017-01-24 12:51:19,665 INFO Task 17: 2 files, 435.25 Gb
2017-01-24 12:51:19,665 INFO 	Name: bam2fasta_Stomach Adenocarcinoma_17_task_2_files_435.25Gb
2017-01-24 12:51:22,395 INFO Task 18: 3 files, 594.75 Gb
2017-01-24 12:51:22,395 INFO 	Name: bam2fasta_Stomach Adenocarcinoma_18_task_3_files_594.75Gb
2017-01-24 12:51:25,149 INFO Task 19: 3 files, 575.84 Gb
2017-01-24 12:51:25,149 INFO 	Name: bam2fasta_Stomach Adenocarcinoma_19_task_3_files_575.84Gb
2017-01-24 12:51:27,877 INFO Task 20: 2 files, 523.79 Gb
2017-01-24 12:51:27,877 INFO 	Name: bam2fasta_Stomach Adenocarcinoma_20_task_2_files_523.79Gb
2017-01-24 12:51:30,756 INFO Task 21: 3 files, 520.63 Gb
2017-01-24 12:51:30,757 INFO 	Name: bam2fasta_Stomach Adenocarcinoma_21_task_3_files_520.63Gb
2017-01-24 12:51:33,558 INFO Task 22: 2 files, 552.20 Gb
2017-01-24 12:51:33,558 INFO 	Name: bam2fasta_Stomach Adenocarcinoma_22_task_2_files_552.20Gb
2017-01-24 12:51:36,417 INFO Task 23: 3 files, 481.67 Gb
2017-01-24 12:51:36,418 INFO 	Name: bam2fasta_Stomach Adenocarcinoma_23_task_3_files_481.67Gb
2017-01-24 12:51:39,294 INFO Task 24: 2 files, 470.83 Gb
2017-01-24 12:51:39,294 INFO 	Name: bam2fasta_Stomach Adenocarcinoma_24_task_2_files_470.83Gb
2017-01-24 12:51:42,056 INFO Task 25: 2 files, 435.36 Gb
2017-01-24 12:51:42,057 INFO 	Name: bam2fasta_Stomach Adenocarcinoma_25_task_2_files_435.36Gb
2017-01-24 12:51:45,742 INFO Task 26: 2 files, 422.33 Gb
2017-01-24 12:51:45,742 INFO 	Name: bam2fasta_Stomach Adenocarcinoma_26_task_2_files_422.33Gb
2017-01-24 12:51:48,404 INFO Task 27: 2 files, 525.21 Gb
2017-01-24 12:51:48,405 INFO 	Name: bam2fasta_Stomach Adenocarcinoma_27_task_2_files_525.21Gb
2017-01-24 12:51:51,170 INFO Task 28: 3 files, 442.65 Gb
2017-01-24 12:51:51,170 INFO 	Name: bam2fasta_Stomach Adenocarcinoma_28_task_3_files_442.65Gb
2017-01-24 12:51:54,037 INFO Task 29: 2 files, 522.35 Gb
2017-01-24 12:51:54,037 INFO 	Name: bam2fasta_Stomach Adenocarcinoma_29_task_2_files_522.35Gb
2017-01-24 12:51:56,773 INFO Task 30: 2 files, 465.76 Gb
2017-01-24 12:51:56,773 INFO 	Name: bam2fasta_Stomach Adenocarcinoma_30_task_2_files_465.76Gb
2017-01-24 12:51:59,604 INFO Task 31: 2 files, 347.32 Gb
2017-01-24 12:51:59,605 INFO 	Name: bam2fasta_Stomach Adenocarcinoma_31_task_2_files_347.32Gb
2017-01-24 12:52:03,687 INFO Task 32: 2 files, 459.02 Gb
2017-01-24 12:52:03,687 INFO 	Name: bam2fasta_Stomach Adenocarcinoma_32_task_2_files_459.02Gb
2017-01-24 12:52:06,348 INFO Task 33: 2 files, 486.25 Gb
2017-01-24 12:52:06,348 INFO 	Name: bam2fasta_Stomach Adenocarcinoma_33_task_2_files_486.25Gb
2017-01-24 12:52:09,091 INFO Task 34: 2 files, 437.98 Gb
2017-01-24 12:52:09,091 INFO 	Name: bam2fasta_Stomach Adenocarcinoma_34_task_2_files_437.98Gb
2017-01-24 12:52:12,063 INFO Task 35: 2 files, 497.59 Gb
2017-01-24 12:52:12,063 INFO 	Name: bam2fasta_Stomach Adenocarcinoma_35_task_2_files_497.59Gb
2017-01-24 12:52:15,028 INFO Task 36: 2 files, 512.80 Gb
2017-01-24 12:52:15,029 INFO 	Name: bam2fasta_Stomach Adenocarcinoma_36_task_2_files_512.80Gb
2017-01-24 12:52:18,204 INFO Task 37: 26 files, 409.45 Gb
2017-01-24 12:52:18,204 INFO 	Name: bam2fasta_Stomach Adenocarcinoma_37_task_26_files_409.45Gb
2017-01-24 12:52:21,560 INFO Task 38: 24 files, 411.54 Gb
2017-01-24 12:52:21,561 INFO 	Name: bam2fasta_Stomach Adenocarcinoma_38_task_24_files_411.54Gb
2017-01-24 12:52:24,527 INFO Task 39: 25 files, 400.46 Gb
2017-01-24 12:52:24,527 INFO 	Name: bam2fasta_Stomach Adenocarcinoma_39_task_25_files_400.46Gb
2017-01-24 12:52:27,589 INFO Task 40: 30 files, 407.42 Gb
2017-01-24 12:52:27,589 INFO 	Name: bam2fasta_Stomach Adenocarcinoma_40_task_30_files_407.42Gb
2017-01-24 12:52:30,288 INFO Task 41: 21 files, 411.87 Gb
2017-01-24 12:52:30,288 INFO 	Name: bam2fasta_Stomach Adenocarcinoma_41_task_21_files_411.87Gb
2017-01-24 12:52:33,155 INFO Task 42: 22 files, 407.36 Gb
2017-01-24 12:52:33,155 INFO 	Name: bam2fasta_Stomach Adenocarcinoma_42_task_22_files_407.36Gb
2017-01-24 12:52:36,433 INFO Task 43: 33 files, 411.58 Gb
2017-01-24 12:52:36,433 INFO 	Name: bam2fasta_Stomach Adenocarcinoma_43_task_33_files_411.58Gb
2017-01-24 12:52:39,352 INFO Task 44: 38 files, 409.34 Gb
2017-01-24 12:52:39,353 INFO 	Name: bam2fasta_Stomach Adenocarcinoma_44_task_38_files_409.34Gb
2017-01-24 12:52:42,268 INFO Task 45: 25 files, 403.97 Gb
2017-01-24 12:52:42,269 INFO 	Name: bam2fasta_Stomach Adenocarcinoma_45_task_25_files_403.97Gb
2017-01-24 12:52:45,107 INFO Task 46: 27 files, 402.05 Gb
2017-01-24 12:52:45,107 INFO 	Name: bam2fasta_Stomach Adenocarcinoma_46_task_27_files_402.05Gb
2017-01-24 12:52:47,883 INFO Task 47: 28 files, 420.47 Gb
2017-01-24 12:52:47,883 INFO 	Name: bam2fasta_Stomach Adenocarcinoma_47_task_28_files_420.47Gb
2017-01-24 12:52:50,876 INFO Task 48: 29 files, 408.88 Gb
2017-01-24 12:52:50,876 INFO 	Name: bam2fasta_Stomach Adenocarcinoma_48_task_29_files_408.88Gb
2017-01-24 12:52:53,739 INFO Task 49: 22 files, 411.28 Gb
2017-01-24 12:52:53,739 INFO 	Name: bam2fasta_Stomach Adenocarcinoma_49_task_22_files_411.28Gb
2017-01-24 12:52:57,117 INFO Task 50: 19 files, 409.53 Gb
2017-01-24 12:52:57,117 INFO 	Name: bam2fasta_Stomach Adenocarcinoma_50_task_19_files_409.53Gb
2017-01-24 12:53:00,086 INFO Task 51: 25 files, 404.85 Gb
2017-01-24 12:53:00,086 INFO 	Name: bam2fasta_Stomach Adenocarcinoma_51_task_25_files_404.85Gb
2017-01-24 12:53:03,264 INFO Task 52: 23 files, 405.05 Gb
2017-01-24 12:53:03,264 INFO 	Name: bam2fasta_Stomach Adenocarcinoma_52_task_23_files_405.05Gb
2017-01-24 12:53:06,129 INFO Task 53: 22 files, 411.98 Gb
2017-01-24 12:53:06,129 INFO 	Name: bam2fasta_Stomach Adenocarcinoma_53_task_22_files_411.98Gb
2017-01-24 12:53:09,198 INFO Task 54: 21 files, 418.64 Gb
2017-01-24 12:53:09,199 INFO 	Name: bam2fasta_Stomach Adenocarcinoma_54_task_21_files_418.64Gb
2017-01-24 12:53:12,051 INFO Task 55: 19 files, 411.59 Gb
2017-01-24 12:53:12,051 INFO 	Name: bam2fasta_Stomach Adenocarcinoma_55_task_19_files_411.59Gb
2017-01-24 12:53:15,242 INFO Task 56: 29 files, 404.27 Gb
2017-01-24 12:53:15,242 INFO 	Name: bam2fasta_Stomach Adenocarcinoma_56_task_29_files_404.27Gb
2017-01-24 12:53:18,007 INFO Task 57: 29 files, 400.16 Gb
2017-01-24 12:53:18,007 INFO 	Name: bam2fasta_Stomach Adenocarcinoma_57_task_29_files_400.16Gb
2017-01-24 12:53:20,976 INFO Task 58: 32 files, 414.20 Gb
2017-01-24 12:53:20,976 INFO 	Name: bam2fasta_Stomach Adenocarcinoma_58_task_32_files_414.20Gb
2017-01-24 12:53:23,711 INFO Task 59: 33 files, 406.67 Gb
2017-01-24 12:53:23,711 INFO 	Name: bam2fasta_Stomach Adenocarcinoma_59_task_33_files_406.67Gb
2017-01-24 12:53:26,506 INFO Task 60: 34 files, 415.27 Gb
2017-01-24 12:53:26,507 INFO 	Name: bam2fasta_Stomach Adenocarcinoma_60_task_34_files_415.27Gb
2017-01-24 12:53:29,375 INFO Task 61: 30 files, 404.98 Gb
2017-01-24 12:53:29,375 INFO 	Name: bam2fasta_Stomach Adenocarcinoma_61_task_30_files_404.98Gb
2017-01-24 12:53:32,445 INFO Task 62: 29 files, 405.52 Gb
2017-01-24 12:53:32,446 INFO 	Name: bam2fasta_Stomach Adenocarcinoma_62_task_29_files_405.52Gb
2017-01-24 12:53:35,314 INFO Task 63: 38 files, 409.28 Gb
2017-01-24 12:53:35,314 INFO 	Name: bam2fasta_Stomach Adenocarcinoma_63_task_38_files_409.28Gb
2017-01-24 12:53:38,385 INFO Task 64: 35 files, 400.46 Gb
2017-01-24 12:53:38,385 INFO 	Name: bam2fasta_Stomach Adenocarcinoma_64_task_35_files_400.46Gb
2017-01-24 12:53:41,149 INFO Task 65: 31 files, 402.13 Gb
2017-01-24 12:53:41,150 INFO 	Name: bam2fasta_Stomach Adenocarcinoma_65_task_31_files_402.13Gb
2017-01-24 12:53:44,039 INFO Task 66: 34 files, 411.13 Gb
2017-01-24 12:53:44,039 INFO 	Name: bam2fasta_Stomach Adenocarcinoma_66_task_34_files_411.13Gb
2017-01-24 12:53:47,291 INFO Task 67: 31 files, 401.51 Gb
2017-01-24 12:53:47,292 INFO 	Name: bam2fasta_Stomach Adenocarcinoma_67_task_31_files_401.51Gb
2017-01-24 12:53:50,468 INFO Task 68: 43 files, 407.90 Gb
2017-01-24 12:53:50,468 INFO 	Name: bam2fasta_Stomach Adenocarcinoma_68_task_43_files_407.90Gb
2017-01-24 12:53:53,439 INFO Task 69: 31 files, 407.22 Gb
2017-01-24 12:53:53,439 INFO 	Name: bam2fasta_Stomach Adenocarcinoma_69_task_31_files_407.22Gb
2017-01-24 12:53:56,816 INFO Task 70: 31 files, 408.42 Gb
2017-01-24 12:53:56,816 INFO 	Name: bam2fasta_Stomach Adenocarcinoma_70_task_31_files_408.42Gb
2017-01-24 12:53:59,889 INFO Task 71: 30 files, 400.20 Gb
2017-01-24 12:53:59,889 INFO 	Name: bam2fasta_Stomach Adenocarcinoma_71_task_30_files_400.20Gb
2017-01-24 12:54:03,267 INFO Task 72: 13 files, 161.40 Gb
2017-01-24 12:54:03,267 INFO 	Name: bam2fasta_Stomach Adenocarcinoma_72_task_13_files_161.40Gb
2017-01-24 12:54:06,338 INFO Total tasks created: 72
2017-01-24 12:54:06,338 INFO Total files tasked: 1092
2017-01-24 12:54:06,338 INFO Total files for disease type: 1092
2017-01-24 12:54:06,338 INFO Total WGS files: 322
2017-01-24 12:54:06,338 INFO Total RNA-Seq files: 770